<?xml version="1.0" encoding="UTF-8"?>
<!-- Generated by org.testng.reporters.JUnitXMLReporter -->
<testsuite ignored="5" hostname="DESKTOP-RGOREQ1" failures="0" tests="2" name="Test" time="25.085" errors="0" timestamp="2024-01-26T11:36:22 IST">
  <testcase classname="TestNGBatchtesting.Bata" name="bata" time="14.063"/>
  <testcase classname="TestNGBatchtesting.Asian" name="asian" time="10.91"/>
  <testcase classname="TestNGBatchtesting.Puma" name="puma" time="0.0">
    <ignored/>
  </testcase> <!-- puma -->
  <testcase classname="TestngBPG1.Ktm" name="ktm" time="0.0">
    <ignored/>
  </testcase> <!-- ktm -->
  <testcase classname="TestNGBatchtesting.Woodland" name="woodland" time="0.0">
    <ignored/>
  </testcase> <!-- woodland -->
  <testcase classname="TestngBPG1.Honda" name="honda" time="0.0">
    <ignored/>
  </testcase> <!-- honda -->
  <testcase classname="TestngBPG1.Royalandfield" name="ktm" time="0.0">
    <ignored/>
  </testcase> <!-- ktm -->
</testsuite> <!-- Test -->
