<?xml version="1.0" encoding="UTF-8"?>
<testng-results ignored="0" total="2" passed="2" failed="0" skipped="0">
  <reporter-output>
  </reporter-output>
  <suite started-at="2024-01-26T11:35:57 IST" name="Suite" finished-at="2024-01-26T11:36:22 IST" duration-ms="25085">
    <groups>
      <group name="smoke">
        <method signature="Asian.asian()[pri:0, instance:TestNGBatchtesting.Asian@53aac487]" name="asian" class="TestNGBatchtesting.Asian"/>
        <method signature="Bata.bata()[pri:0, instance:TestNGBatchtesting.Bata@26e356f0]" name="bata" class="TestNGBatchtesting.Bata"/>
      </group> <!-- smoke -->
    </groups>
    <test started-at="2024-01-26T11:35:57 IST" name="Test" finished-at="2024-01-26T11:36:22 IST" duration-ms="25085">
      <class name="TestNGBatchtesting.Bata">
        <test-method signature="bata()[pri:0, instance:TestNGBatchtesting.Bata@26e356f0]" started-at="2024-01-26T11:35:57 IST" name="bata" finished-at="2024-01-26T11:36:11 IST" duration-ms="14063" status="PASS">
          <reporter-output>
          </reporter-output>
        </test-method> <!-- bata -->
      </class> <!-- TestNGBatchtesting.Bata -->
      <class name="TestNGBatchtesting.Asian">
        <test-method signature="asian()[pri:0, instance:TestNGBatchtesting.Asian@53aac487]" started-at="2024-01-26T11:36:11 IST" name="asian" finished-at="2024-01-26T11:36:22 IST" duration-ms="10910" status="PASS">
          <reporter-output>
          </reporter-output>
        </test-method> <!-- asian -->
      </class> <!-- TestNGBatchtesting.Asian -->
    </test> <!-- Test -->
  </suite> <!-- Suite -->
</testng-results>
